<?xml version="1.0" encoding="UTF-8"?>
<!-- Generated by org.testng.reporters.JUnitXMLReporter -->
<testsuite ignored="0" hostname="LAPTOP-JB0BF6CL" failures="0" tests="5" name="Test" time="2.819" errors="0" timestamp="2026-02-21T19:14:57 IST">
  <testcase classname="login.LoginTest" name="verify_Login" time="0.516"/>
  <testcase classname="login.LoginTest" name="verify_Login" time="0.374"/>
  <testcase classname="login.LoginTest" name="verify_Login" time="0.435"/>
  <testcase classname="login.LoginTest" name="verify_Login" time="0.248"/>
  <testcase classname="login.LoginTest" name="verify_Login" time="0.236"/>
</testsuite> <!-- Test -->
