<?xml version="1.0" encoding="UTF-8"?>
<!-- Generated by org.testng.reporters.JUnitXMLReporter -->
<testsuite ignored="0" hostname="LAPTOP-S2UPK277" failures="1" tests="1" name="Test" time="0.082" errors="0" timestamp="2026-02-22T11:13:02 IST">
  <testcase classname="registration.RegistrationTest" name="verify_Registration" time="0.0">
    <failure type="java.lang.RuntimeException" message="java.io.FileNotFoundException: C:\Users\riyaj\Downloads\registration.xlsx (The system cannot find the path specified)">
      <![CDATA[java.lang.RuntimeException: java.io.FileNotFoundException: C:\Users\riyaj\Downloads\registration.xlsx (The system cannot find the path specified)
at java.base/java.util.ArrayList.forEach(ArrayList.java:1596)
Caused by: java.io.FileNotFoundException: C:\Users\riyaj\Downloads\registration.xlsx (The system cannot find the path specified)
at java.base/java.io.FileInputStream.open0(Native Method)
at java.base/java.io.FileInputStream.open(FileInputStream.java:213)
at java.base/java.io.FileInputStream.<init>(FileInputStream.java:152)
at java.base/java.io.FileInputStream.<init>(FileInputStream.java:106)
at utils.ExcelUtil.getTestData(ExcelUtil.java:13)
at registration.RegistrationTest.getData(RegistrationTest.java:13)
... 25 more
... Removed 30 stack frames]]>
    </failure>
  </testcase> <!-- verify_Registration -->
</testsuite> <!-- Test -->
