<?xml version="1.0" encoding="UTF-8"?>
<!-- Generated by org.testng.reporters.JUnitXMLReporter -->
<testsuite ignored="4" hostname="LAPTOP-S2UPK277" failures="0" tests="10" name="Test" time="8.141" errors="0" timestamp="2026-02-22T07:22:50 IST">
  <testcase classname="home.HomeTest" name="testAbout" time="0.292"/>
  <testcase classname="home.LogoTest" name="testAbout" time="0.065"/>
  <testcase classname="home.NavigationTest" name="clickAboutTest" time="0.246"/>
  <testcase classname="home.NavigationTest" name="clickCartItemIconTest" time="0.289"/>
  <testcase classname="home.NavigationTest" name="clickCreateAccountIconTest" time="0.326"/>
  <testcase classname="home.NavigationTest" name="clickHomeIconTest" time="0.486"/>
  <testcase classname="home.NavigationTest" name="clickLogoTest" time="0.224"/>
  <testcase classname="home.NavigationTest" name="clickShopIconTest" time="0.345"/>
  <testcase classname="home.NavigationTest" name="clickSignInIconTest" time="0.314"/>
  <testcase classname="home.NavigationTest" name="clickSupportIconTest" time="0.346"/>
  <testcase classname="base.BaseTest" name="@BeforeSuite setup" time="0.0">
    <ignored/>
  </testcase> <!-- @BeforeSuite setup -->
  <testcase classname="base.BaseTest" name="@AfterSuite tearDown" time="0.0">
    <ignored/>
  </testcase> <!-- @AfterSuite tearDown -->
  <testcase classname="base.BaseTest" name="@AfterSuite tearDown" time="0.0">
    <ignored/>
  </testcase> <!-- @AfterSuite tearDown -->
  <testcase classname="base.BaseTest" name="@BeforeSuite setup" time="0.0">
    <ignored/>
  </testcase> <!-- @BeforeSuite setup -->
</testsuite> <!-- Test -->
