<?xml version="1.0" encoding="UTF-8"?>
<!-- Generated by org.testng.reporters.JUnitXMLReporter -->
<testsuite ignored="4" hostname="LAPTOP-S2UPK277" failures="0" tests="10" name="Test" time="6.663" errors="0" timestamp="2026-02-22T23:27:29 IST">
  <testcase classname="home.HomeTest" name="testHomePage" time="0.354"/>
  <testcase classname="home.LogoTest" name="testAbout" time="0.137"/>
  <testcase classname="home.NavigationTest" name="clickAboutTest" time="0.42"/>
  <testcase classname="home.NavigationTest" name="clickCartItemIconTest" time="0.348"/>
  <testcase classname="home.NavigationTest" name="clickCreateAccountIconTest" time="1.318"/>
  <testcase classname="home.NavigationTest" name="clickHomeIconTest" time="0.606"/>
  <testcase classname="home.NavigationTest" name="clickLogoTest" time="1.419"/>
  <testcase classname="home.NavigationTest" name="clickShopIconTest" time="0.632"/>
  <testcase classname="home.NavigationTest" name="clickSignInIconTest" time="0.519"/>
  <testcase classname="home.NavigationTest" name="clickSupportIconTest" time="0.617"/>
  <testcase classname="base.BaseTest" name="@AfterSuite tearDown" time="0.0">
    <ignored/>
  </testcase> <!-- @AfterSuite tearDown -->
  <testcase classname="base.BaseTest" name="@AfterSuite tearDown" time="0.0">
    <ignored/>
  </testcase> <!-- @AfterSuite tearDown -->
  <testcase classname="base.BaseTest" name="@BeforeSuite setup" time="0.0">
    <ignored/>
  </testcase> <!-- @BeforeSuite setup -->
  <testcase classname="base.BaseTest" name="@BeforeSuite setup" time="0.0">
    <ignored/>
  </testcase> <!-- @BeforeSuite setup -->
</testsuite> <!-- Test -->
