<?xml version="1.0" encoding="UTF-8"?>
<!-- Generated by org.testng.reporters.JUnitXMLReporter -->
<testsuite ignored="0" hostname="LAPTOP-JB0BF6CL" failures="0" tests="7" name="Test" time="5.236" errors="0" timestamp="2026-02-21T19:15:04 IST">
  <testcase classname="registration.RegistrationTest" name="verify_Registration" time="1.027"/>
  <testcase classname="registration.RegistrationTest" name="verify_Registration" time="0.795"/>
  <testcase classname="registration.RegistrationTest" name="verify_Registration" time="0.79"/>
  <testcase classname="registration.RegistrationTest" name="verify_Registration" time="0.804"/>
  <testcase classname="registration.RegistrationTest" name="verify_Registration" time="0.686"/>
  <testcase classname="registration.RegistrationTest" name="verify_Registration" time="0.538"/>
  <testcase classname="registration.RegistrationTest" name="verify_Registration" time="0.538"/>
</testsuite> <!-- Test -->
