<?xml version="1.0" encoding="UTF-8"?>
<testng-results ignored="0" total="35" passed="30" failed="5" skipped="0">
  <reporter-output>
  </reporter-output>
  <suite started-at="2026-02-22T07:23:11 IST" name="Suite" finished-at="2026-02-22T07:23:36 IST" duration-ms="25835">
    <groups>
    </groups>
    <test started-at="2026-02-22T07:23:11 IST" name="Shop Tests" finished-at="2026-02-22T07:23:36 IST" duration-ms="25835">
      <class name="shoppage.verify_product_ToCart">
        <test-method signature="verifyproductToCart()[pri:0, instance:shoppage.verify_product_ToCart@7b02881e]" started-at="2026-02-22T07:23:26 IST" name="verifyproductToCart" finished-at="2026-02-22T07:23:26 IST" duration-ms="263" status="PASS">
          <reporter-output>
          </reporter-output>
        </test-method> <!-- verifyproductToCart -->
      </class> <!-- shoppage.verify_product_ToCart -->
      <class name="shoppage.verify_Category">
        <test-method signature="verifyCategory()[pri:0, instance:shoppage.verify_Category@762ef0ea]" started-at="2026-02-22T07:23:13 IST" name="verifyCategory" finished-at="2026-02-22T07:23:14 IST" duration-ms="1040" status="PASS">
          <reporter-output>
          </reporter-output>
        </test-method> <!-- verifyCategory -->
      </class> <!-- shoppage.verify_Category -->
      <class name="shoppage.verify_DescendingPrice">
        <test-method signature="verify_HightoLow()[pri:0, instance:shoppage.verify_DescendingPrice@424e1977]" started-at="2026-02-22T07:23:16 IST" name="verify_HightoLow" finished-at="2026-02-22T07:23:18 IST" duration-ms="1424" status="PASS">
          <reporter-output>
          </reporter-output>
        </test-method> <!-- verify_HightoLow -->
      </class> <!-- shoppage.verify_DescendingPrice -->
      <class name="cart_page.verify_checkOut">
        <test-method signature="verifycheckout()[pri:0, instance:cart_page.verify_checkOut@683dbc2c]" started-at="2026-02-22T07:23:36 IST" name="verifycheckout" finished-at="2026-02-22T07:23:36 IST" duration-ms="436" status="PASS">
          <reporter-output>
          </reporter-output>
        </test-method> <!-- verifycheckout -->
      </class> <!-- cart_page.verify_checkOut -->
      <class name="shoppage.verify_ShopPage">
        <test-method is-config="true" signature="setup()[pri:0, instance:shoppage.verify_ShopPage@2d2ffcb7]" started-at="2026-02-22T07:23:03 IST" name="setup" finished-at="2026-02-22T07:23:11 IST" duration-ms="7376" status="PASS">
          <reporter-output>
          </reporter-output>
        </test-method> <!-- setup -->
        <test-method signature="verify_Shoppage()[pri:0, instance:shoppage.verify_ShopPage@2d2ffcb7]" started-at="2026-02-22T07:23:11 IST" name="verify_Shoppage" finished-at="2026-02-22T07:23:13 IST" duration-ms="2177" status="PASS">
          <reporter-output>
          </reporter-output>
        </test-method> <!-- verify_Shoppage -->
        <test-method is-config="true" signature="tearDown()[pri:0, instance:shoppage.verify_ShopPage@2d2ffcb7]" started-at="2026-02-22T07:23:37 IST" name="tearDown" finished-at="2026-02-22T07:23:37 IST" duration-ms="543" status="PASS">
          <reporter-output>
          </reporter-output>
        </test-method> <!-- tearDown -->
      </class> <!-- shoppage.verify_ShopPage -->
      <class name="cart_page.verify_ContinueShopping">
        <test-method signature="continueShop()[pri:0, instance:cart_page.verify_ContinueShopping@6e509ffa]" started-at="2026-02-22T07:23:33 IST" name="continueShop" finished-at="2026-02-22T07:23:34 IST" duration-ms="556" status="PASS">
          <reporter-output>
          </reporter-output>
        </test-method> <!-- continueShop -->
      </class> <!-- cart_page.verify_ContinueShopping -->
      <class name="cart_page.Verify_ProductDisplay">
        <test-method signature="productDisplay()[pri:0, instance:cart_page.Verify_ProductDisplay@3c0be339]" started-at="2026-02-22T07:23:27 IST" name="productDisplay" finished-at="2026-02-22T07:23:28 IST" duration-ms="268" status="PASS">
          <reporter-output>
          </reporter-output>
        </test-method> <!-- productDisplay -->
      </class> <!-- cart_page.Verify_ProductDisplay -->
      <class name="shoppage.validate_product1">
        <test-method signature="validateProduct()[pri:0, instance:shoppage.validate_product1@6db9f5a4]" started-at="2026-02-22T07:23:24 IST" name="validateProduct" finished-at="2026-02-22T07:23:25 IST" duration-ms="684" status="PASS">
          <reporter-output>
          </reporter-output>
        </test-method> <!-- validateProduct -->
      </class> <!-- shoppage.validate_product1 -->
      <class name="shoppage.validate_product2">
        <test-method signature="validateProduct()[pri:0, instance:shoppage.validate_product2@2898ac89]" started-at="2026-02-22T07:23:34 IST" name="validateProduct" finished-at="2026-02-22T07:23:35 IST" duration-ms="1439" status="PASS">
          <reporter-output>
          </reporter-output>
        </test-method> <!-- validateProduct -->
      </class> <!-- shoppage.validate_product2 -->
      <class name="shoppage.verify_productDetails">
        <test-method signature="verifyproductToCart()[pri:0, instance:shoppage.verify_productDetails@5f8edcc5]" started-at="2026-02-22T07:23:25 IST" name="verifyproductToCart" finished-at="2026-02-22T07:23:26 IST" duration-ms="276" status="PASS">
          <reporter-output>
          </reporter-output>
        </test-method> <!-- verifyproductToCart -->
      </class> <!-- shoppage.verify_productDetails -->
      <class name="shoppage.verify_TopRated">
        <test-method signature="verifyTopRated()[pri:0, instance:shoppage.verify_TopRated@10d68fcd]" started-at="2026-02-22T07:23:18 IST" name="verifyTopRated" finished-at="2026-02-22T07:23:22 IST" duration-ms="3174" status="PASS">
          <reporter-output>
          </reporter-output>
        </test-method> <!-- verifyTopRated -->
      </class> <!-- shoppage.verify_TopRated -->
      <class name="cart_page.OpenCart">
        <test-method signature="open_cart()[pri:0, instance:cart_page.OpenCart@1ebd319f]" started-at="2026-02-22T07:23:27 IST" name="open_cart" finished-at="2026-02-22T07:23:27 IST" duration-ms="362" status="PASS">
          <reporter-output>
          </reporter-output>
        </test-method> <!-- open_cart -->
      </class> <!-- cart_page.OpenCart -->
      <class name="shoppage.verify_Newest">
        <test-method signature="verifyTopRated()[pri:0, instance:shoppage.verify_Newest@117e949d]" started-at="2026-02-22T07:23:22 IST" name="verifyTopRated" finished-at="2026-02-22T07:23:24 IST" duration-ms="1282" status="PASS">
          <reporter-output>
          </reporter-output>
        </test-method> <!-- verifyTopRated -->
      </class> <!-- shoppage.verify_Newest -->
      <class name="shoppage.verify_AscendingPrice">
        <test-method signature="verify_lowtoHigh()[pri:0, instance:shoppage.verify_AscendingPrice@31f9b85e]" started-at="2026-02-22T07:23:15 IST" name="verify_lowtoHigh" finished-at="2026-02-22T07:23:16 IST" duration-ms="1194" status="PASS">
          <reporter-output>
          </reporter-output>
        </test-method> <!-- verify_lowtoHigh -->
      </class> <!-- shoppage.verify_AscendingPrice -->
      <class name="cart_page.verify_browseProduct">
        <test-method signature="browseproduct()[pri:0, instance:cart_page.verify_browseProduct@7a675056]" started-at="2026-02-22T07:23:30 IST" name="browseproduct" finished-at="2026-02-22T07:23:31 IST" duration-ms="1134" status="PASS">
          <reporter-output>
          </reporter-output>
        </test-method> <!-- browseproduct -->
      </class> <!-- cart_page.verify_browseProduct -->
      <class name="cart_page.verify_removeProduct">
        <test-method signature="removeproduct()[pri:0, instance:cart_page.verify_removeProduct@15ca7889]" started-at="2026-02-22T07:23:28 IST" name="removeproduct" finished-at="2026-02-22T07:23:28 IST" duration-ms="435" status="PASS">
          <reporter-output>
          </reporter-output>
        </test-method> <!-- removeproduct -->
      </class> <!-- cart_page.verify_removeProduct -->
      <class name="shoppage.verify_directToCart">
        <test-method signature="directCart()[pri:0, instance:shoppage.verify_directToCart@d21a74c]" started-at="2026-02-22T07:23:31 IST" name="directCart" finished-at="2026-02-22T07:23:33 IST" duration-ms="1326" status="PASS">
          <reporter-output>
          </reporter-output>
        </test-method> <!-- directCart -->
      </class> <!-- shoppage.verify_directToCart -->
    </test> <!-- Shop Tests -->
  </suite> <!-- Suite -->
  <suite started-at="2026-02-22T07:23:48 IST" name="master page" finished-at="2026-02-22T07:23:48 IST" duration-ms="0">
    <groups>
    </groups>
  </suite> <!-- master page -->
  <suite started-at="2026-02-22T07:22:42 IST" name="Home Page TestCases" finished-at="2026-02-22T07:22:50 IST" duration-ms="8141">
    <groups>
    </groups>
    <test started-at="2026-02-22T07:22:42 IST" name="Test" finished-at="2026-02-22T07:22:50 IST" duration-ms="8141">
      <class name="home.HomeTest">
        <test-method is-config="true" signature="setup()[pri:0, instance:home.HomeTest@302552ec]" started-at="2026-02-22T07:22:36 IST" name="setup" finished-at="2026-02-22T07:22:42 IST" duration-ms="6320" status="PASS">
          <reporter-output>
          </reporter-output>
        </test-method> <!-- setup -->
        <test-method is-config="true" signature="initPages()[pri:0, instance:home.HomeTest@302552ec]" started-at="2026-02-22T07:22:43 IST" name="initPages" finished-at="2026-02-22T07:22:43 IST" duration-ms="35" status="PASS">
          <reporter-output>
          </reporter-output>
        </test-method> <!-- initPages -->
        <test-method signature="testAbout()[pri:0, instance:home.HomeTest@302552ec]" started-at="2026-02-22T07:22:43 IST" name="testAbout" description="about page test section here" finished-at="2026-02-22T07:22:43 IST" duration-ms="292" status="PASS">
          <reporter-output>
          </reporter-output>
        </test-method> <!-- testAbout -->
        <test-method is-config="true" signature="tearDown()[pri:0, instance:home.HomeTest@302552ec]" started-at="2026-02-22T07:22:51 IST" name="tearDown" finished-at="2026-02-22T07:22:51 IST" duration-ms="394" status="PASS">
          <reporter-output>
          </reporter-output>
        </test-method> <!-- tearDown -->
      </class> <!-- home.HomeTest -->
      <class name="home.LogoTest">
        <test-method signature="testAbout()[pri:0, instance:home.LogoTest@ba2f4ec]" started-at="2026-02-22T07:22:44 IST" name="testAbout" description="home page test section here" finished-at="2026-02-22T07:22:44 IST" duration-ms="65" status="PASS">
          <reporter-output>
          </reporter-output>
        </test-method> <!-- testAbout -->
        <test-method is-config="true" signature="initPages()[pri:0, instance:home.LogoTest@ba2f4ec]" started-at="2026-02-22T07:22:44 IST" name="initPages" finished-at="2026-02-22T07:22:44 IST" duration-ms="0" status="PASS">
          <reporter-output>
          </reporter-output>
        </test-method> <!-- initPages -->
      </class> <!-- home.LogoTest -->
      <class name="home.NavigationTest">
        <test-method signature="clickAboutTest()[pri:1, instance:home.NavigationTest@24aed80c]" started-at="2026-02-22T07:22:45 IST" name="clickAboutTest" finished-at="2026-02-22T07:22:45 IST" duration-ms="246" status="PASS">
          <reporter-output>
          </reporter-output>
        </test-method> <!-- clickAboutTest -->
        <test-method is-config="true" signature="initPages()[pri:0, instance:home.NavigationTest@24aed80c]" started-at="2026-02-22T07:22:45 IST" name="initPages" finished-at="2026-02-22T07:22:45 IST" duration-ms="0" status="PASS">
          <reporter-output>
          </reporter-output>
        </test-method> <!-- initPages -->
        <test-method signature="clickCartItemIconTest()[pri:2, instance:home.NavigationTest@24aed80c]" started-at="2026-02-22T07:22:45 IST" name="clickCartItemIconTest" finished-at="2026-02-22T07:22:46 IST" duration-ms="289" status="PASS">
          <reporter-output>
          </reporter-output>
        </test-method> <!-- clickCartItemIconTest -->
        <test-method signature="clickCreateAccountIconTest()[pri:3, instance:home.NavigationTest@24aed80c]" started-at="2026-02-22T07:22:46 IST" name="clickCreateAccountIconTest" finished-at="2026-02-22T07:22:46 IST" duration-ms="326" status="PASS">
          <reporter-output>
          </reporter-output>
        </test-method> <!-- clickCreateAccountIconTest -->
        <test-method signature="clickHomeIconTest()[pri:4, instance:home.NavigationTest@24aed80c]" started-at="2026-02-22T07:22:46 IST" name="clickHomeIconTest" finished-at="2026-02-22T07:22:47 IST" duration-ms="486" status="PASS">
          <reporter-output>
          </reporter-output>
        </test-method> <!-- clickHomeIconTest -->
        <test-method signature="clickLogoTest()[pri:5, instance:home.NavigationTest@24aed80c]" started-at="2026-02-22T07:22:47 IST" name="clickLogoTest" finished-at="2026-02-22T07:22:48 IST" duration-ms="224" status="PASS">
          <reporter-output>
          </reporter-output>
        </test-method> <!-- clickLogoTest -->
        <test-method signature="clickShopIconTest()[pri:6, instance:home.NavigationTest@24aed80c]" started-at="2026-02-22T07:22:48 IST" name="clickShopIconTest" finished-at="2026-02-22T07:22:49 IST" duration-ms="345" status="PASS">
          <reporter-output>
          </reporter-output>
        </test-method> <!-- clickShopIconTest -->
        <test-method signature="clickSignInIconTest()[pri:7, instance:home.NavigationTest@24aed80c]" started-at="2026-02-22T07:22:49 IST" name="clickSignInIconTest" finished-at="2026-02-22T07:22:50 IST" duration-ms="314" status="PASS">
          <reporter-output>
          </reporter-output>
        </test-method> <!-- clickSignInIconTest -->
        <test-method signature="clickSupportIconTest()[pri:8, instance:home.NavigationTest@24aed80c]" started-at="2026-02-22T07:22:50 IST" name="clickSupportIconTest" finished-at="2026-02-22T07:22:50 IST" duration-ms="346" status="PASS">
          <reporter-output>
          </reporter-output>
        </test-method> <!-- clickSupportIconTest -->
      </class> <!-- home.NavigationTest -->
    </test> <!-- Test -->
  </suite> <!-- Home Page TestCases -->
  <suite started-at="2026-02-22T07:23:42 IST" name="CheckOut Page TestCases" finished-at="2026-02-22T07:23:47 IST" duration-ms="4904">
    <groups>
    </groups>
    <test started-at="2026-02-22T07:23:42 IST" name="Test" finished-at="2026-02-22T07:23:47 IST" duration-ms="4904">
      <class name="checkout.ShowSelectedItemTest">
        <test-method is-config="true" signature="initPages()[pri:0, instance:checkout.ShowSelectedItemTest@57250572]" started-at="2026-02-22T07:23:44 IST" name="initPages" finished-at="2026-02-22T07:23:44 IST" duration-ms="5" status="PASS">
          <reporter-output>
          </reporter-output>
        </test-method> <!-- initPages -->
        <test-method signature="verifyCheckoutPageLoadTest()[pri:0, instance:checkout.ShowSelectedItemTest@57250572]" started-at="2026-02-22T07:23:44 IST" name="verifyCheckoutPageLoadTest" description="checkout page test section here" finished-at="2026-02-22T07:23:45 IST" duration-ms="655" status="PASS">
          <reporter-output>
          </reporter-output>
        </test-method> <!-- verifyCheckoutPageLoadTest -->
      </class> <!-- checkout.ShowSelectedItemTest -->
      <class name="checkout.BillingInformationTest">
        <test-method is-config="true" signature="initPages()[pri:0, instance:checkout.BillingInformationTest@5609159b]" started-at="2026-02-22T07:23:45 IST" name="initPages" finished-at="2026-02-22T07:23:45 IST" duration-ms="6" status="PASS">
          <reporter-output>
          </reporter-output>
        </test-method> <!-- initPages -->
        <test-method signature="billingInformationTest()[pri:0, instance:checkout.BillingInformationTest@5609159b]" started-at="2026-02-22T07:23:45 IST" name="billingInformationTest" description="checkout page test section here" finished-at="2026-02-22T07:23:45 IST" duration-ms="104" status="FAIL">
          <exception class="org.openqa.selenium.NoSuchElementException">
            <message>
              <![CDATA[no such element: Unable to locate element: {"method":"css selector","selector":"#name"}
  (Session info: chrome=145.0.7632.76)
For documentation on this error, please visit: https://www.selenium.dev/documentation/webdriver/troubleshooting/errors#no-such-element-exception
Build info: version: '4.27.0', revision: 'd6e718d134'
System info: os.name: 'Windows 11', os.arch: 'amd64', os.version: '10.0', java.version: '21'
Driver info: org.openqa.selenium.chrome.ChromeDriver
Command: [b167ede675c3fd90a71baff6a17ad653, findElement {value=name, using=id}]
Capabilities {acceptInsecureCerts: false, browserName: chrome, browserVersion: 145.0.7632.76, chrome: {chromedriverVersion: 145.0.7632.77 (da516187054a..., userDataDir: C:\Users\LAPTOP\AppData\Loc...}, fedcm:accounts: true, goog:chromeOptions: {debuggerAddress: localhost:64081}, goog:processID: 22092, networkConnectionEnabled: false, pageLoadStrategy: normal, platformName: windows, proxy: Proxy(), se:cdp: ws://localhost:64081/devtoo..., se:cdpVersion: 145.0.7632.76, setWindowRect: true, strictFileInteractability: false, timeouts: {implicit: 0, pageLoad: 300000, script: 30000}, unhandledPromptBehavior: dismiss and notify, webauthn:extension:credBlob: true, webauthn:extension:largeBlob: true, webauthn:extension:minPinLength: true, webauthn:extension:prf: true, webauthn:virtualAuthenticators: true}
Session ID: b167ede675c3fd90a71baff6a17ad653]]>
            </message>
            <full-stacktrace>
              <![CDATA[org.openqa.selenium.NoSuchElementException: no such element: Unable to locate element: {"method":"css selector","selector":"#name"}
  (Session info: chrome=145.0.7632.76)
For documentation on this error, please visit: https://www.selenium.dev/documentation/webdriver/troubleshooting/errors#no-such-element-exception
Build info: version: '4.27.0', revision: 'd6e718d134'
System info: os.name: 'Windows 11', os.arch: 'amd64', os.version: '10.0', java.version: '21'
Driver info: org.openqa.selenium.chrome.ChromeDriver
Command: [b167ede675c3fd90a71baff6a17ad653, findElement {value=name, using=id}]
Capabilities {acceptInsecureCerts: false, browserName: chrome, browserVersion: 145.0.7632.76, chrome: {chromedriverVersion: 145.0.7632.77 (da516187054a..., userDataDir: C:\Users\LAPTOP\AppData\Loc...}, fedcm:accounts: true, goog:chromeOptions: {debuggerAddress: localhost:64081}, goog:processID: 22092, networkConnectionEnabled: false, pageLoadStrategy: normal, platformName: windows, proxy: Proxy(), se:cdp: ws://localhost:64081/devtoo..., se:cdpVersion: 145.0.7632.76, setWindowRect: true, strictFileInteractability: false, timeouts: {implicit: 0, pageLoad: 300000, script: 30000}, unhandledPromptBehavior: dismiss and notify, webauthn:extension:credBlob: true, webauthn:extension:largeBlob: true, webauthn:extension:minPinLength: true, webauthn:extension:prf: true, webauthn:virtualAuthenticators: true}
Session ID: b167ede675c3fd90a71baff6a17ad653
at java.base/jdk.internal.reflect.DirectConstructorHandleAccessor.newInstance(DirectConstructorHandleAccessor.java:62)
at java.base/java.lang.reflect.Constructor.newInstanceWithCaller(Constructor.java:502)
at java.base/java.lang.reflect.Constructor.newInstance(Constructor.java:486)
at org.openqa.selenium.remote.ErrorCodec.decode(ErrorCodec.java:167)
at org.openqa.selenium.remote.codec.w3c.W3CHttpResponseCodec.decode(W3CHttpResponseCodec.java:138)
at org.openqa.selenium.remote.codec.w3c.W3CHttpResponseCodec.decode(W3CHttpResponseCodec.java:50)
at org.openqa.selenium.remote.HttpCommandExecutor.execute(HttpCommandExecutor.java:190)
at org.openqa.selenium.remote.service.DriverCommandExecutor.invokeExecute(DriverCommandExecutor.java:216)
at org.openqa.selenium.remote.service.DriverCommandExecutor.execute(DriverCommandExecutor.java:174)
at org.openqa.selenium.remote.RemoteWebDriver.execute(RemoteWebDriver.java:545)
at org.openqa.selenium.remote.ElementLocation$ElementFinder$2.findElement(ElementLocation.java:165)
at org.openqa.selenium.remote.ElementLocation.findElement(ElementLocation.java:66)
at org.openqa.selenium.remote.RemoteWebDriver.findElement(RemoteWebDriver.java:368)
at org.openqa.selenium.remote.RemoteWebDriver.findElement(RemoteWebDriver.java:362)
at org.openqa.selenium.support.pagefactory.DefaultElementLocator.findElement(DefaultElementLocator.java:68)
at org.openqa.selenium.support.pagefactory.internal.LocatingElementHandler.invoke(LocatingElementHandler.java:38)
at jdk.proxy2/jdk.proxy2.$Proxy17.clear(Unknown Source)
at checkout.BillingInformation.billingInformation(BillingInformation.java:20)
at checkout.BillingInformationTest.billingInformationTest(BillingInformationTest.java:22)
at java.base/jdk.internal.reflect.DirectMethodHandleAccessor.invoke(DirectMethodHandleAccessor.java:103)
at java.base/java.lang.reflect.Method.invoke(Method.java:580)
at org.testng.internal.invokers.MethodInvocationHelper.invokeMethod(MethodInvocationHelper.java:141)
at org.testng.internal.invokers.TestInvoker.invokeMethod(TestInvoker.java:687)
at org.testng.internal.invokers.TestInvoker.invokeTestMethod(TestInvoker.java:230)
at org.testng.internal.invokers.MethodRunner.runInSequence(MethodRunner.java:63)
at org.testng.internal.invokers.TestInvoker$MethodInvocationAgent.invoke(TestInvoker.java:995)
at org.testng.internal.invokers.TestInvoker.invokeTestMethods(TestInvoker.java:203)
at org.testng.internal.invokers.TestMethodWorker.invokeTestMethods(TestMethodWorker.java:154)
at org.testng.internal.invokers.TestMethodWorker.run(TestMethodWorker.java:134)
at java.base/java.util.ArrayList.forEach(ArrayList.java:1596)
at org.testng.TestRunner.privateRun(TestRunner.java:741)
at org.testng.TestRunner.run(TestRunner.java:616)
at org.testng.SuiteRunner.runTest(SuiteRunner.java:421)
at org.testng.SuiteRunner.runSequentially(SuiteRunner.java:413)
at org.testng.SuiteRunner.privateRun(SuiteRunner.java:373)
at org.testng.SuiteRunner.run(SuiteRunner.java:312)
at org.testng.SuiteRunnerWorker.runSuite(SuiteRunnerWorker.java:52)
at org.testng.SuiteRunnerWorker.run(SuiteRunnerWorker.java:95)
at org.testng.TestNG.runSuitesSequentially(TestNG.java:1274)
at org.testng.TestNG.runSuitesSequentially(TestNG.java:1269)
at org.testng.TestNG.runSuitesLocally(TestNG.java:1208)
at org.testng.TestNG.runSuites(TestNG.java:1112)
at org.testng.TestNG.run(TestNG.java:1079)
at org.testng.remote.AbstractRemoteTestNG.run(AbstractRemoteTestNG.java:115)
at org.testng.remote.RemoteTestNG.initAndRun(RemoteTestNG.java:293)
at org.testng.remote.RemoteTestNG.main(RemoteTestNG.java:91)
]]>
            </full-stacktrace>
          </exception> <!-- org.openqa.selenium.NoSuchElementException -->
          <reporter-output>
          </reporter-output>
        </test-method> <!-- billingInformationTest -->
        <test-method signature="paymentDetailsTest()[pri:0, instance:checkout.BillingInformationTest@5609159b]" started-at="2026-02-22T07:23:46 IST" name="paymentDetailsTest" description="checkout page test section here" finished-at="2026-02-22T07:23:46 IST" duration-ms="17" status="FAIL">
          <exception class="org.openqa.selenium.NoSuchElementException">
            <message>
              <![CDATA[no such element: Unable to locate element: {"method":"css selector","selector":"#cardNumber"}
  (Session info: chrome=145.0.7632.76)
For documentation on this error, please visit: https://www.selenium.dev/documentation/webdriver/troubleshooting/errors#no-such-element-exception
Build info: version: '4.27.0', revision: 'd6e718d134'
System info: os.name: 'Windows 11', os.arch: 'amd64', os.version: '10.0', java.version: '21'
Driver info: org.openqa.selenium.chrome.ChromeDriver
Command: [b167ede675c3fd90a71baff6a17ad653, findElement {value=cardNumber, using=id}]
Capabilities {acceptInsecureCerts: false, browserName: chrome, browserVersion: 145.0.7632.76, chrome: {chromedriverVersion: 145.0.7632.77 (da516187054a..., userDataDir: C:\Users\LAPTOP\AppData\Loc...}, fedcm:accounts: true, goog:chromeOptions: {debuggerAddress: localhost:64081}, goog:processID: 22092, networkConnectionEnabled: false, pageLoadStrategy: normal, platformName: windows, proxy: Proxy(), se:cdp: ws://localhost:64081/devtoo..., se:cdpVersion: 145.0.7632.76, setWindowRect: true, strictFileInteractability: false, timeouts: {implicit: 0, pageLoad: 300000, script: 30000}, unhandledPromptBehavior: dismiss and notify, webauthn:extension:credBlob: true, webauthn:extension:largeBlob: true, webauthn:extension:minPinLength: true, webauthn:extension:prf: true, webauthn:virtualAuthenticators: true}
Session ID: b167ede675c3fd90a71baff6a17ad653]]>
            </message>
            <full-stacktrace>
              <![CDATA[org.openqa.selenium.NoSuchElementException: no such element: Unable to locate element: {"method":"css selector","selector":"#cardNumber"}
  (Session info: chrome=145.0.7632.76)
For documentation on this error, please visit: https://www.selenium.dev/documentation/webdriver/troubleshooting/errors#no-such-element-exception
Build info: version: '4.27.0', revision: 'd6e718d134'
System info: os.name: 'Windows 11', os.arch: 'amd64', os.version: '10.0', java.version: '21'
Driver info: org.openqa.selenium.chrome.ChromeDriver
Command: [b167ede675c3fd90a71baff6a17ad653, findElement {value=cardNumber, using=id}]
Capabilities {acceptInsecureCerts: false, browserName: chrome, browserVersion: 145.0.7632.76, chrome: {chromedriverVersion: 145.0.7632.77 (da516187054a..., userDataDir: C:\Users\LAPTOP\AppData\Loc...}, fedcm:accounts: true, goog:chromeOptions: {debuggerAddress: localhost:64081}, goog:processID: 22092, networkConnectionEnabled: false, pageLoadStrategy: normal, platformName: windows, proxy: Proxy(), se:cdp: ws://localhost:64081/devtoo..., se:cdpVersion: 145.0.7632.76, setWindowRect: true, strictFileInteractability: false, timeouts: {implicit: 0, pageLoad: 300000, script: 30000}, unhandledPromptBehavior: dismiss and notify, webauthn:extension:credBlob: true, webauthn:extension:largeBlob: true, webauthn:extension:minPinLength: true, webauthn:extension:prf: true, webauthn:virtualAuthenticators: true}
Session ID: b167ede675c3fd90a71baff6a17ad653
at java.base/jdk.internal.reflect.DirectConstructorHandleAccessor.newInstance(DirectConstructorHandleAccessor.java:62)
at java.base/java.lang.reflect.Constructor.newInstanceWithCaller(Constructor.java:502)
at java.base/java.lang.reflect.Constructor.newInstance(Constructor.java:486)
at org.openqa.selenium.remote.ErrorCodec.decode(ErrorCodec.java:167)
at org.openqa.selenium.remote.codec.w3c.W3CHttpResponseCodec.decode(W3CHttpResponseCodec.java:138)
at org.openqa.selenium.remote.codec.w3c.W3CHttpResponseCodec.decode(W3CHttpResponseCodec.java:50)
at org.openqa.selenium.remote.HttpCommandExecutor.execute(HttpCommandExecutor.java:190)
at org.openqa.selenium.remote.service.DriverCommandExecutor.invokeExecute(DriverCommandExecutor.java:216)
at org.openqa.selenium.remote.service.DriverCommandExecutor.execute(DriverCommandExecutor.java:174)
at org.openqa.selenium.remote.RemoteWebDriver.execute(RemoteWebDriver.java:545)
at org.openqa.selenium.remote.ElementLocation$ElementFinder$2.findElement(ElementLocation.java:165)
at org.openqa.selenium.remote.ElementLocation.findElement(ElementLocation.java:59)
at org.openqa.selenium.remote.RemoteWebDriver.findElement(RemoteWebDriver.java:368)
at org.openqa.selenium.remote.RemoteWebDriver.findElement(RemoteWebDriver.java:362)
at org.openqa.selenium.support.pagefactory.DefaultElementLocator.findElement(DefaultElementLocator.java:68)
at org.openqa.selenium.support.pagefactory.internal.LocatingElementHandler.invoke(LocatingElementHandler.java:38)
at jdk.proxy2/jdk.proxy2.$Proxy17.clear(Unknown Source)
at checkout.BillingInformation.paymentDetails(BillingInformation.java:31)
at checkout.BillingInformationTest.paymentDetailsTest(BillingInformationTest.java:37)
at java.base/jdk.internal.reflect.DirectMethodHandleAccessor.invoke(DirectMethodHandleAccessor.java:103)
at java.base/java.lang.reflect.Method.invoke(Method.java:580)
at org.testng.internal.invokers.MethodInvocationHelper.invokeMethod(MethodInvocationHelper.java:141)
at org.testng.internal.invokers.TestInvoker.invokeMethod(TestInvoker.java:687)
at org.testng.internal.invokers.TestInvoker.invokeTestMethod(TestInvoker.java:230)
at org.testng.internal.invokers.MethodRunner.runInSequence(MethodRunner.java:63)
at org.testng.internal.invokers.TestInvoker$MethodInvocationAgent.invoke(TestInvoker.java:995)
at org.testng.internal.invokers.TestInvoker.invokeTestMethods(TestInvoker.java:203)
at org.testng.internal.invokers.TestMethodWorker.invokeTestMethods(TestMethodWorker.java:154)
at org.testng.internal.invokers.TestMethodWorker.run(TestMethodWorker.java:134)
at java.base/java.util.ArrayList.forEach(ArrayList.java:1596)
at org.testng.TestRunner.privateRun(TestRunner.java:741)
at org.testng.TestRunner.run(TestRunner.java:616)
at org.testng.SuiteRunner.runTest(SuiteRunner.java:421)
at org.testng.SuiteRunner.runSequentially(SuiteRunner.java:413)
at org.testng.SuiteRunner.privateRun(SuiteRunner.java:373)
at org.testng.SuiteRunner.run(SuiteRunner.java:312)
at org.testng.SuiteRunnerWorker.runSuite(SuiteRunnerWorker.java:52)
at org.testng.SuiteRunnerWorker.run(SuiteRunnerWorker.java:95)
at org.testng.TestNG.runSuitesSequentially(TestNG.java:1274)
at org.testng.TestNG.runSuitesSequentially(TestNG.java:1269)
at org.testng.TestNG.runSuitesLocally(TestNG.java:1208)
at org.testng.TestNG.runSuites(TestNG.java:1112)
at org.testng.TestNG.run(TestNG.java:1079)
at org.testng.remote.AbstractRemoteTestNG.run(AbstractRemoteTestNG.java:115)
at org.testng.remote.RemoteTestNG.initAndRun(RemoteTestNG.java:293)
at org.testng.remote.RemoteTestNG.main(RemoteTestNG.java:91)
]]>
            </full-stacktrace>
          </exception> <!-- org.openqa.selenium.NoSuchElementException -->
          <reporter-output>
          </reporter-output>
        </test-method> <!-- paymentDetailsTest -->
        <test-method signature="placeOrderTest()[pri:0, instance:checkout.BillingInformationTest@5609159b]" started-at="2026-02-22T07:23:46 IST" name="placeOrderTest" description="checkout page test section here" finished-at="2026-02-22T07:23:46 IST" duration-ms="16" status="FAIL">
          <exception class="org.openqa.selenium.NoSuchElementException">
            <message>
              <![CDATA[no such element: Unable to locate element: {"method":"xpath","selector":"//button[normalize-space()='Place Order']"}
  (Session info: chrome=145.0.7632.76)
For documentation on this error, please visit: https://www.selenium.dev/documentation/webdriver/troubleshooting/errors#no-such-element-exception
Build info: version: '4.27.0', revision: 'd6e718d134'
System info: os.name: 'Windows 11', os.arch: 'amd64', os.version: '10.0', java.version: '21'
Driver info: org.openqa.selenium.chrome.ChromeDriver
Command: [b167ede675c3fd90a71baff6a17ad653, findElement {value=//button[normalize-space()='Place Order'], using=xpath}]
Capabilities {acceptInsecureCerts: false, browserName: chrome, browserVersion: 145.0.7632.76, chrome: {chromedriverVersion: 145.0.7632.77 (da516187054a..., userDataDir: C:\Users\LAPTOP\AppData\Loc...}, fedcm:accounts: true, goog:chromeOptions: {debuggerAddress: localhost:64081}, goog:processID: 22092, networkConnectionEnabled: false, pageLoadStrategy: normal, platformName: windows, proxy: Proxy(), se:cdp: ws://localhost:64081/devtoo..., se:cdpVersion: 145.0.7632.76, setWindowRect: true, strictFileInteractability: false, timeouts: {implicit: 0, pageLoad: 300000, script: 30000}, unhandledPromptBehavior: dismiss and notify, webauthn:extension:credBlob: true, webauthn:extension:largeBlob: true, webauthn:extension:minPinLength: true, webauthn:extension:prf: true, webauthn:virtualAuthenticators: true}
Session ID: b167ede675c3fd90a71baff6a17ad653]]>
            </message>
            <full-stacktrace>
              <![CDATA[org.openqa.selenium.NoSuchElementException: no such element: Unable to locate element: {"method":"xpath","selector":"//button[normalize-space()='Place Order']"}
  (Session info: chrome=145.0.7632.76)
For documentation on this error, please visit: https://www.selenium.dev/documentation/webdriver/troubleshooting/errors#no-such-element-exception
Build info: version: '4.27.0', revision: 'd6e718d134'
System info: os.name: 'Windows 11', os.arch: 'amd64', os.version: '10.0', java.version: '21'
Driver info: org.openqa.selenium.chrome.ChromeDriver
Command: [b167ede675c3fd90a71baff6a17ad653, findElement {value=//button[normalize-space()='Place Order'], using=xpath}]
Capabilities {acceptInsecureCerts: false, browserName: chrome, browserVersion: 145.0.7632.76, chrome: {chromedriverVersion: 145.0.7632.77 (da516187054a..., userDataDir: C:\Users\LAPTOP\AppData\Loc...}, fedcm:accounts: true, goog:chromeOptions: {debuggerAddress: localhost:64081}, goog:processID: 22092, networkConnectionEnabled: false, pageLoadStrategy: normal, platformName: windows, proxy: Proxy(), se:cdp: ws://localhost:64081/devtoo..., se:cdpVersion: 145.0.7632.76, setWindowRect: true, strictFileInteractability: false, timeouts: {implicit: 0, pageLoad: 300000, script: 30000}, unhandledPromptBehavior: dismiss and notify, webauthn:extension:credBlob: true, webauthn:extension:largeBlob: true, webauthn:extension:minPinLength: true, webauthn:extension:prf: true, webauthn:virtualAuthenticators: true}
Session ID: b167ede675c3fd90a71baff6a17ad653
at java.base/jdk.internal.reflect.DirectConstructorHandleAccessor.newInstance(DirectConstructorHandleAccessor.java:62)
at java.base/java.lang.reflect.Constructor.newInstanceWithCaller(Constructor.java:502)
at java.base/java.lang.reflect.Constructor.newInstance(Constructor.java:486)
at org.openqa.selenium.remote.ErrorCodec.decode(ErrorCodec.java:167)
at org.openqa.selenium.remote.codec.w3c.W3CHttpResponseCodec.decode(W3CHttpResponseCodec.java:138)
at org.openqa.selenium.remote.codec.w3c.W3CHttpResponseCodec.decode(W3CHttpResponseCodec.java:50)
at org.openqa.selenium.remote.HttpCommandExecutor.execute(HttpCommandExecutor.java:190)
at org.openqa.selenium.remote.service.DriverCommandExecutor.invokeExecute(DriverCommandExecutor.java:216)
at org.openqa.selenium.remote.service.DriverCommandExecutor.execute(DriverCommandExecutor.java:174)
at org.openqa.selenium.remote.RemoteWebDriver.execute(RemoteWebDriver.java:545)
at org.openqa.selenium.remote.ElementLocation$ElementFinder$2.findElement(ElementLocation.java:165)
at org.openqa.selenium.remote.ElementLocation.findElement(ElementLocation.java:59)
at org.openqa.selenium.remote.RemoteWebDriver.findElement(RemoteWebDriver.java:368)
at org.openqa.selenium.remote.RemoteWebDriver.findElement(RemoteWebDriver.java:362)
at org.openqa.selenium.support.pagefactory.DefaultElementLocator.findElement(DefaultElementLocator.java:68)
at org.openqa.selenium.support.pagefactory.internal.LocatingElementHandler.invoke(LocatingElementHandler.java:38)
at jdk.proxy2/jdk.proxy2.$Proxy17.submit(Unknown Source)
at checkout.BillingInformation.placeOrder(BillingInformation.java:42)
at checkout.BillingInformationTest.placeOrderTest(BillingInformationTest.java:42)
at java.base/jdk.internal.reflect.DirectMethodHandleAccessor.invoke(DirectMethodHandleAccessor.java:103)
at java.base/java.lang.reflect.Method.invoke(Method.java:580)
at org.testng.internal.invokers.MethodInvocationHelper.invokeMethod(MethodInvocationHelper.java:141)
at org.testng.internal.invokers.TestInvoker.invokeMethod(TestInvoker.java:687)
at org.testng.internal.invokers.TestInvoker.invokeTestMethod(TestInvoker.java:230)
at org.testng.internal.invokers.MethodRunner.runInSequence(MethodRunner.java:63)
at org.testng.internal.invokers.TestInvoker$MethodInvocationAgent.invoke(TestInvoker.java:995)
at org.testng.internal.invokers.TestInvoker.invokeTestMethods(TestInvoker.java:203)
at org.testng.internal.invokers.TestMethodWorker.invokeTestMethods(TestMethodWorker.java:154)
at org.testng.internal.invokers.TestMethodWorker.run(TestMethodWorker.java:134)
at java.base/java.util.ArrayList.forEach(ArrayList.java:1596)
at org.testng.TestRunner.privateRun(TestRunner.java:741)
at org.testng.TestRunner.run(TestRunner.java:616)
at org.testng.SuiteRunner.runTest(SuiteRunner.java:421)
at org.testng.SuiteRunner.runSequentially(SuiteRunner.java:413)
at org.testng.SuiteRunner.privateRun(SuiteRunner.java:373)
at org.testng.SuiteRunner.run(SuiteRunner.java:312)
at org.testng.SuiteRunnerWorker.runSuite(SuiteRunnerWorker.java:52)
at org.testng.SuiteRunnerWorker.run(SuiteRunnerWorker.java:95)
at org.testng.TestNG.runSuitesSequentially(TestNG.java:1274)
at org.testng.TestNG.runSuitesSequentially(TestNG.java:1269)
at org.testng.TestNG.runSuitesLocally(TestNG.java:1208)
at org.testng.TestNG.runSuites(TestNG.java:1112)
at org.testng.TestNG.run(TestNG.java:1079)
at org.testng.remote.AbstractRemoteTestNG.run(AbstractRemoteTestNG.java:115)
at org.testng.remote.RemoteTestNG.initAndRun(RemoteTestNG.java:293)
at org.testng.remote.RemoteTestNG.main(RemoteTestNG.java:91)
]]>
            </full-stacktrace>
          </exception> <!-- org.openqa.selenium.NoSuchElementException -->
          <reporter-output>
          </reporter-output>
        </test-method> <!-- placeOrderTest -->
        <test-method signature="shippingInformationTest()[pri:0, instance:checkout.BillingInformationTest@5609159b]" started-at="2026-02-22T07:23:46 IST" name="shippingInformationTest" description="checkout page test section here" finished-at="2026-02-22T07:23:46 IST" duration-ms="16" status="FAIL">
          <exception class="org.openqa.selenium.NoSuchElementException">
            <message>
              <![CDATA[no such element: Unable to locate element: {"method":"css selector","selector":"#shippingAddress"}
  (Session info: chrome=145.0.7632.76)
For documentation on this error, please visit: https://www.selenium.dev/documentation/webdriver/troubleshooting/errors#no-such-element-exception
Build info: version: '4.27.0', revision: 'd6e718d134'
System info: os.name: 'Windows 11', os.arch: 'amd64', os.version: '10.0', java.version: '21'
Driver info: org.openqa.selenium.chrome.ChromeDriver
Command: [b167ede675c3fd90a71baff6a17ad653, findElement {value=shippingAddress, using=id}]
Capabilities {acceptInsecureCerts: false, browserName: chrome, browserVersion: 145.0.7632.76, chrome: {chromedriverVersion: 145.0.7632.77 (da516187054a..., userDataDir: C:\Users\LAPTOP\AppData\Loc...}, fedcm:accounts: true, goog:chromeOptions: {debuggerAddress: localhost:64081}, goog:processID: 22092, networkConnectionEnabled: false, pageLoadStrategy: normal, platformName: windows, proxy: Proxy(), se:cdp: ws://localhost:64081/devtoo..., se:cdpVersion: 145.0.7632.76, setWindowRect: true, strictFileInteractability: false, timeouts: {implicit: 0, pageLoad: 300000, script: 30000}, unhandledPromptBehavior: dismiss and notify, webauthn:extension:credBlob: true, webauthn:extension:largeBlob: true, webauthn:extension:minPinLength: true, webauthn:extension:prf: true, webauthn:virtualAuthenticators: true}
Session ID: b167ede675c3fd90a71baff6a17ad653]]>
            </message>
            <full-stacktrace>
              <![CDATA[org.openqa.selenium.NoSuchElementException: no such element: Unable to locate element: {"method":"css selector","selector":"#shippingAddress"}
  (Session info: chrome=145.0.7632.76)
For documentation on this error, please visit: https://www.selenium.dev/documentation/webdriver/troubleshooting/errors#no-such-element-exception
Build info: version: '4.27.0', revision: 'd6e718d134'
System info: os.name: 'Windows 11', os.arch: 'amd64', os.version: '10.0', java.version: '21'
Driver info: org.openqa.selenium.chrome.ChromeDriver
Command: [b167ede675c3fd90a71baff6a17ad653, findElement {value=shippingAddress, using=id}]
Capabilities {acceptInsecureCerts: false, browserName: chrome, browserVersion: 145.0.7632.76, chrome: {chromedriverVersion: 145.0.7632.77 (da516187054a..., userDataDir: C:\Users\LAPTOP\AppData\Loc...}, fedcm:accounts: true, goog:chromeOptions: {debuggerAddress: localhost:64081}, goog:processID: 22092, networkConnectionEnabled: false, pageLoadStrategy: normal, platformName: windows, proxy: Proxy(), se:cdp: ws://localhost:64081/devtoo..., se:cdpVersion: 145.0.7632.76, setWindowRect: true, strictFileInteractability: false, timeouts: {implicit: 0, pageLoad: 300000, script: 30000}, unhandledPromptBehavior: dismiss and notify, webauthn:extension:credBlob: true, webauthn:extension:largeBlob: true, webauthn:extension:minPinLength: true, webauthn:extension:prf: true, webauthn:virtualAuthenticators: true}
Session ID: b167ede675c3fd90a71baff6a17ad653
at java.base/jdk.internal.reflect.DirectConstructorHandleAccessor.newInstance(DirectConstructorHandleAccessor.java:62)
at java.base/java.lang.reflect.Constructor.newInstanceWithCaller(Constructor.java:502)
at java.base/java.lang.reflect.Constructor.newInstance(Constructor.java:486)
at org.openqa.selenium.remote.ErrorCodec.decode(ErrorCodec.java:167)
at org.openqa.selenium.remote.codec.w3c.W3CHttpResponseCodec.decode(W3CHttpResponseCodec.java:138)
at org.openqa.selenium.remote.codec.w3c.W3CHttpResponseCodec.decode(W3CHttpResponseCodec.java:50)
at org.openqa.selenium.remote.HttpCommandExecutor.execute(HttpCommandExecutor.java:190)
at org.openqa.selenium.remote.service.DriverCommandExecutor.invokeExecute(DriverCommandExecutor.java:216)
at org.openqa.selenium.remote.service.DriverCommandExecutor.execute(DriverCommandExecutor.java:174)
at org.openqa.selenium.remote.RemoteWebDriver.execute(RemoteWebDriver.java:545)
at org.openqa.selenium.remote.ElementLocation$ElementFinder$2.findElement(ElementLocation.java:165)
at org.openqa.selenium.remote.ElementLocation.findElement(ElementLocation.java:59)
at org.openqa.selenium.remote.RemoteWebDriver.findElement(RemoteWebDriver.java:368)
at org.openqa.selenium.remote.RemoteWebDriver.findElement(RemoteWebDriver.java:362)
at org.openqa.selenium.support.pagefactory.DefaultElementLocator.findElement(DefaultElementLocator.java:68)
at org.openqa.selenium.support.pagefactory.internal.LocatingElementHandler.invoke(LocatingElementHandler.java:38)
at jdk.proxy2/jdk.proxy2.$Proxy17.clear(Unknown Source)
at checkout.BillingInformation.shippingAddress(BillingInformation.java:26)
at checkout.BillingInformationTest.shippingInformationTest(BillingInformationTest.java:28)
at java.base/jdk.internal.reflect.DirectMethodHandleAccessor.invoke(DirectMethodHandleAccessor.java:103)
at java.base/java.lang.reflect.Method.invoke(Method.java:580)
at org.testng.internal.invokers.MethodInvocationHelper.invokeMethod(MethodInvocationHelper.java:141)
at org.testng.internal.invokers.TestInvoker.invokeMethod(TestInvoker.java:687)
at org.testng.internal.invokers.TestInvoker.invokeTestMethod(TestInvoker.java:230)
at org.testng.internal.invokers.MethodRunner.runInSequence(MethodRunner.java:63)
at org.testng.internal.invokers.TestInvoker$MethodInvocationAgent.invoke(TestInvoker.java:995)
at org.testng.internal.invokers.TestInvoker.invokeTestMethods(TestInvoker.java:203)
at org.testng.internal.invokers.TestMethodWorker.invokeTestMethods(TestMethodWorker.java:154)
at org.testng.internal.invokers.TestMethodWorker.run(TestMethodWorker.java:134)
at java.base/java.util.ArrayList.forEach(ArrayList.java:1596)
at org.testng.TestRunner.privateRun(TestRunner.java:741)
at org.testng.TestRunner.run(TestRunner.java:616)
at org.testng.SuiteRunner.runTest(SuiteRunner.java:421)
at org.testng.SuiteRunner.runSequentially(SuiteRunner.java:413)
at org.testng.SuiteRunner.privateRun(SuiteRunner.java:373)
at org.testng.SuiteRunner.run(SuiteRunner.java:312)
at org.testng.SuiteRunnerWorker.runSuite(SuiteRunnerWorker.java:52)
at org.testng.SuiteRunnerWorker.run(SuiteRunnerWorker.java:95)
at org.testng.TestNG.runSuitesSequentially(TestNG.java:1274)
at org.testng.TestNG.runSuitesSequentially(TestNG.java:1269)
at org.testng.TestNG.runSuitesLocally(TestNG.java:1208)
at org.testng.TestNG.runSuites(TestNG.java:1112)
at org.testng.TestNG.run(TestNG.java:1079)
at org.testng.remote.AbstractRemoteTestNG.run(AbstractRemoteTestNG.java:115)
at org.testng.remote.RemoteTestNG.initAndRun(RemoteTestNG.java:293)
at org.testng.remote.RemoteTestNG.main(RemoteTestNG.java:91)
]]>
            </full-stacktrace>
          </exception> <!-- org.openqa.selenium.NoSuchElementException -->
          <reporter-output>
          </reporter-output>
        </test-method> <!-- shippingInformationTest -->
      </class> <!-- checkout.BillingInformationTest -->
      <class name="checkout.ProceedToCheckOutTest">
        <test-method is-config="true" signature="setup()[pri:0, instance:checkout.ProceedToCheckOutTest@21b2e768]" started-at="2026-02-22T07:23:37 IST" name="setup" finished-at="2026-02-22T07:23:42 IST" duration-ms="4519" status="PASS">
          <reporter-output>
          </reporter-output>
        </test-method> <!-- setup -->
        <test-method is-config="true" signature="initPages()[pri:0, instance:checkout.ProceedToCheckOutTest@21b2e768]" started-at="2026-02-22T07:23:42 IST" name="initPages" finished-at="2026-02-22T07:23:42 IST" duration-ms="7" status="PASS">
          <reporter-output>
          </reporter-output>
        </test-method> <!-- initPages -->
        <test-method signature="clickCartIconTest()[pri:1, instance:checkout.ProceedToCheckOutTest@21b2e768]" started-at="2026-02-22T07:23:42 IST" name="clickCartIconTest" description="checkout page test section here" finished-at="2026-02-22T07:23:43 IST" duration-ms="1682" status="PASS">
          <reporter-output>
          </reporter-output>
        </test-method> <!-- clickCartIconTest -->
        <test-method signature="proceedToCheckOutTest()[pri:2, instance:checkout.ProceedToCheckOutTest@21b2e768]" started-at="2026-02-22T07:23:44 IST" name="proceedToCheckOutTest" description="checkout page test section here" finished-at="2026-02-22T07:23:44 IST" duration-ms="53" status="FAIL">
          <exception class="org.openqa.selenium.NoSuchElementException">
            <message>
              <![CDATA[no such element: Unable to locate element: {"method":"xpath","selector":"//button[normalize-space()='Proceed to Checkout']"}
  (Session info: chrome=145.0.7632.76)
For documentation on this error, please visit: https://www.selenium.dev/documentation/webdriver/troubleshooting/errors#no-such-element-exception
Build info: version: '4.27.0', revision: 'd6e718d134'
System info: os.name: 'Windows 11', os.arch: 'amd64', os.version: '10.0', java.version: '21'
Driver info: org.openqa.selenium.chrome.ChromeDriver
Command: [b167ede675c3fd90a71baff6a17ad653, findElement {value=//button[normalize-space()='Proceed to Checkout'], using=xpath}]
Capabilities {acceptInsecureCerts: false, browserName: chrome, browserVersion: 145.0.7632.76, chrome: {chromedriverVersion: 145.0.7632.77 (da516187054a..., userDataDir: C:\Users\LAPTOP\AppData\Loc...}, fedcm:accounts: true, goog:chromeOptions: {debuggerAddress: localhost:64081}, goog:processID: 22092, networkConnectionEnabled: false, pageLoadStrategy: normal, platformName: windows, proxy: Proxy(), se:cdp: ws://localhost:64081/devtoo..., se:cdpVersion: 145.0.7632.76, setWindowRect: true, strictFileInteractability: false, timeouts: {implicit: 0, pageLoad: 300000, script: 30000}, unhandledPromptBehavior: dismiss and notify, webauthn:extension:credBlob: true, webauthn:extension:largeBlob: true, webauthn:extension:minPinLength: true, webauthn:extension:prf: true, webauthn:virtualAuthenticators: true}
Session ID: b167ede675c3fd90a71baff6a17ad653]]>
            </message>
            <full-stacktrace>
              <![CDATA[org.openqa.selenium.NoSuchElementException: no such element: Unable to locate element: {"method":"xpath","selector":"//button[normalize-space()='Proceed to Checkout']"}
  (Session info: chrome=145.0.7632.76)
For documentation on this error, please visit: https://www.selenium.dev/documentation/webdriver/troubleshooting/errors#no-such-element-exception
Build info: version: '4.27.0', revision: 'd6e718d134'
System info: os.name: 'Windows 11', os.arch: 'amd64', os.version: '10.0', java.version: '21'
Driver info: org.openqa.selenium.chrome.ChromeDriver
Command: [b167ede675c3fd90a71baff6a17ad653, findElement {value=//button[normalize-space()='Proceed to Checkout'], using=xpath}]
Capabilities {acceptInsecureCerts: false, browserName: chrome, browserVersion: 145.0.7632.76, chrome: {chromedriverVersion: 145.0.7632.77 (da516187054a..., userDataDir: C:\Users\LAPTOP\AppData\Loc...}, fedcm:accounts: true, goog:chromeOptions: {debuggerAddress: localhost:64081}, goog:processID: 22092, networkConnectionEnabled: false, pageLoadStrategy: normal, platformName: windows, proxy: Proxy(), se:cdp: ws://localhost:64081/devtoo..., se:cdpVersion: 145.0.7632.76, setWindowRect: true, strictFileInteractability: false, timeouts: {implicit: 0, pageLoad: 300000, script: 30000}, unhandledPromptBehavior: dismiss and notify, webauthn:extension:credBlob: true, webauthn:extension:largeBlob: true, webauthn:extension:minPinLength: true, webauthn:extension:prf: true, webauthn:virtualAuthenticators: true}
Session ID: b167ede675c3fd90a71baff6a17ad653
at java.base/jdk.internal.reflect.DirectConstructorHandleAccessor.newInstance(DirectConstructorHandleAccessor.java:62)
at java.base/java.lang.reflect.Constructor.newInstanceWithCaller(Constructor.java:502)
at java.base/java.lang.reflect.Constructor.newInstance(Constructor.java:486)
at org.openqa.selenium.remote.ErrorCodec.decode(ErrorCodec.java:167)
at org.openqa.selenium.remote.codec.w3c.W3CHttpResponseCodec.decode(W3CHttpResponseCodec.java:138)
at org.openqa.selenium.remote.codec.w3c.W3CHttpResponseCodec.decode(W3CHttpResponseCodec.java:50)
at org.openqa.selenium.remote.HttpCommandExecutor.execute(HttpCommandExecutor.java:190)
at org.openqa.selenium.remote.service.DriverCommandExecutor.invokeExecute(DriverCommandExecutor.java:216)
at org.openqa.selenium.remote.service.DriverCommandExecutor.execute(DriverCommandExecutor.java:174)
at org.openqa.selenium.remote.RemoteWebDriver.execute(RemoteWebDriver.java:545)
at org.openqa.selenium.remote.ElementLocation$ElementFinder$2.findElement(ElementLocation.java:165)
at org.openqa.selenium.remote.ElementLocation.findElement(ElementLocation.java:59)
at org.openqa.selenium.remote.RemoteWebDriver.findElement(RemoteWebDriver.java:368)
at org.openqa.selenium.remote.RemoteWebDriver.findElement(RemoteWebDriver.java:362)
at org.openqa.selenium.support.pagefactory.DefaultElementLocator.findElement(DefaultElementLocator.java:68)
at org.openqa.selenium.support.pagefactory.internal.LocatingElementHandler.invoke(LocatingElementHandler.java:38)
at jdk.proxy2/jdk.proxy2.$Proxy17.click(Unknown Source)
at checkout.ProceedToCheckOut.proceedToCheckout(ProceedToCheckOut.java:25)
at checkout.ProceedToCheckOutTest.proceedToCheckOutTest(ProceedToCheckOutTest.java:22)
at java.base/jdk.internal.reflect.DirectMethodHandleAccessor.invoke(DirectMethodHandleAccessor.java:103)
at java.base/java.lang.reflect.Method.invoke(Method.java:580)
at org.testng.internal.invokers.MethodInvocationHelper.invokeMethod(MethodInvocationHelper.java:141)
at org.testng.internal.invokers.TestInvoker.invokeMethod(TestInvoker.java:687)
at org.testng.internal.invokers.TestInvoker.invokeTestMethod(TestInvoker.java:230)
at org.testng.internal.invokers.MethodRunner.runInSequence(MethodRunner.java:63)
at org.testng.internal.invokers.TestInvoker$MethodInvocationAgent.invoke(TestInvoker.java:995)
at org.testng.internal.invokers.TestInvoker.invokeTestMethods(TestInvoker.java:203)
at org.testng.internal.invokers.TestMethodWorker.invokeTestMethods(TestMethodWorker.java:154)
at org.testng.internal.invokers.TestMethodWorker.run(TestMethodWorker.java:134)
at java.base/java.util.ArrayList.forEach(ArrayList.java:1596)
at org.testng.TestRunner.privateRun(TestRunner.java:741)
at org.testng.TestRunner.run(TestRunner.java:616)
at org.testng.SuiteRunner.runTest(SuiteRunner.java:421)
at org.testng.SuiteRunner.runSequentially(SuiteRunner.java:413)
at org.testng.SuiteRunner.privateRun(SuiteRunner.java:373)
at org.testng.SuiteRunner.run(SuiteRunner.java:312)
at org.testng.SuiteRunnerWorker.runSuite(SuiteRunnerWorker.java:52)
at org.testng.SuiteRunnerWorker.run(SuiteRunnerWorker.java:95)
at org.testng.TestNG.runSuitesSequentially(TestNG.java:1274)
at org.testng.TestNG.runSuitesSequentially(TestNG.java:1269)
at org.testng.TestNG.runSuitesLocally(TestNG.java:1208)
at org.testng.TestNG.runSuites(TestNG.java:1112)
at org.testng.TestNG.run(TestNG.java:1079)
at org.testng.remote.AbstractRemoteTestNG.run(AbstractRemoteTestNG.java:115)
at org.testng.remote.RemoteTestNG.initAndRun(RemoteTestNG.java:293)
at org.testng.remote.RemoteTestNG.main(RemoteTestNG.java:91)
]]>
            </full-stacktrace>
          </exception> <!-- org.openqa.selenium.NoSuchElementException -->
          <reporter-output>
          </reporter-output>
        </test-method> <!-- proceedToCheckOutTest -->
        <test-method is-config="true" signature="tearDown()[pri:0, instance:checkout.ProceedToCheckOutTest@21b2e768]" started-at="2026-02-22T07:23:47 IST" name="tearDown" finished-at="2026-02-22T07:23:47 IST" duration-ms="491" status="PASS">
          <reporter-output>
          </reporter-output>
        </test-method> <!-- tearDown -->
      </class> <!-- checkout.ProceedToCheckOutTest -->
    </test> <!-- Test -->
  </suite> <!-- CheckOut Page TestCases -->
  <suite started-at="2026-02-22T07:23:02 IST" name="About Page TestCases" finished-at="2026-02-22T07:23:03 IST" duration-ms="843">
    <groups>
    </groups>
    <test started-at="2026-02-22T07:23:02 IST" name="Test" finished-at="2026-02-22T07:23:03 IST" duration-ms="843">
      <class name="about.ViewAboutTest">
        <test-method is-config="true" signature="setup()[pri:0, instance:about.ViewAboutTest@1e178745]" started-at="2026-02-22T07:22:51 IST" name="setup" finished-at="2026-02-22T07:23:02 IST" duration-ms="10388" status="PASS">
          <reporter-output>
          </reporter-output>
        </test-method> <!-- setup -->
        <test-method is-config="true" signature="initPages()[pri:0, instance:about.ViewAboutTest@1e178745]" started-at="2026-02-22T07:23:02 IST" name="initPages" finished-at="2026-02-22T07:23:02 IST" duration-ms="4" status="PASS">
          <reporter-output>
          </reporter-output>
        </test-method> <!-- initPages -->
        <test-method signature="testAbout()[pri:0, instance:about.ViewAboutTest@1e178745]" started-at="2026-02-22T07:23:02 IST" name="testAbout" description="about page test section here" finished-at="2026-02-22T07:23:02 IST" duration-ms="417" status="PASS">
          <reporter-output>
          </reporter-output>
        </test-method> <!-- testAbout -->
        <test-method is-config="true" signature="tearDown()[pri:0, instance:about.ViewAboutTest@1e178745]" started-at="2026-02-22T07:23:03 IST" name="tearDown" finished-at="2026-02-22T07:23:03 IST" duration-ms="392" status="PASS">
          <reporter-output>
          </reporter-output>
        </test-method> <!-- tearDown -->
      </class> <!-- about.ViewAboutTest -->
    </test> <!-- Test -->
  </suite> <!-- About Page TestCases -->
</testng-results>
