<?xml version="1.0" encoding="UTF-8"?>
<!-- Generated by org.testng.reporters.JUnitReportReporter -->
<testsuite hostname="LAPTOP-S2UPK277" failures="0" tests="8" name="home.NavigationTest" time="2.576" errors="0" timestamp="2026-02-22T07:23:48 IST" skipped="0">
  <testcase classname="home.NavigationTest" name="clickAboutTest" time="0.246"/>
  <testcase classname="home.NavigationTest" name="clickCartItemIconTest" time="0.289"/>
  <testcase classname="home.NavigationTest" name="clickCreateAccountIconTest" time="0.326"/>
  <testcase classname="home.NavigationTest" name="clickHomeIconTest" time="0.486"/>
  <testcase classname="home.NavigationTest" name="clickLogoTest" time="0.224"/>
  <testcase classname="home.NavigationTest" name="clickShopIconTest" time="0.345"/>
  <testcase classname="home.NavigationTest" name="clickSignInIconTest" time="0.314"/>
  <testcase classname="home.NavigationTest" name="clickSupportIconTest" time="0.346"/>
</testsuite> <!-- home.NavigationTest -->
