<?xml version="1.0" encoding="UTF-8"?>
<!-- Generated by org.testng.reporters.JUnitReportReporter -->
<testsuite hostname="LAPTOP-S2UPK277" failures="0" tests="8" name="home.NavigationTest" time="5.879" errors="0" timestamp="2026-02-22T23:28:29 IST" skipped="0">
  <testcase classname="home.NavigationTest" name="clickAboutTest" time="0.420"/>
  <testcase classname="home.NavigationTest" name="clickCartItemIconTest" time="0.348"/>
  <testcase classname="home.NavigationTest" name="clickCreateAccountIconTest" time="1.318"/>
  <testcase classname="home.NavigationTest" name="clickHomeIconTest" time="0.606"/>
  <testcase classname="home.NavigationTest" name="clickLogoTest" time="1.419"/>
  <testcase classname="home.NavigationTest" name="clickShopIconTest" time="0.632"/>
  <testcase classname="home.NavigationTest" name="clickSignInIconTest" time="0.519"/>
  <testcase classname="home.NavigationTest" name="clickSupportIconTest" time="0.617"/>
</testsuite> <!-- home.NavigationTest -->
