<?xml version="1.0" encoding="UTF-8"?>
<!-- Generated by org.testng.reporters.JUnitXMLReporter -->
<testsuite ignored="4" hostname="LAPTOP-S2UPK277" failures="0" tests="10" name="Test" time="7.932" errors="0" timestamp="2026-02-20T17:49:19 IST">
  <testcase classname="home.HomeTest" name="testAbout" time="0.676"/>
  <testcase classname="home.LogoTest" name="testAbout" time="0.186"/>
  <testcase classname="home.NavigationTest" name="clickAboutTest" time="0.511"/>
  <testcase classname="home.NavigationTest" name="clickCartItemIconTest" time="0.569"/>
  <testcase classname="home.NavigationTest" name="clickCreateAccountIconTest" time="0.57"/>
  <testcase classname="home.NavigationTest" name="clickHomeIconTest" time="1.283"/>
  <testcase classname="home.NavigationTest" name="clickLogoTest" time="0.552"/>
  <testcase classname="home.NavigationTest" name="clickShopIconTest" time="0.69"/>
  <testcase classname="home.NavigationTest" name="clickSignInIconTest" time="1.018"/>
  <testcase classname="home.NavigationTest" name="clickSupportIconTest" time="0.514"/>
  <testcase classname="base.BaseTest" name="@AfterSuite tearDown" time="0.0">
    <ignored/>
  </testcase> <!-- @AfterSuite tearDown -->
  <testcase classname="base.BaseTest" name="@BeforeSuite setup" time="0.0">
    <ignored/>
  </testcase> <!-- @BeforeSuite setup -->
  <testcase classname="base.BaseTest" name="@BeforeSuite setup" time="0.0">
    <ignored/>
  </testcase> <!-- @BeforeSuite setup -->
  <testcase classname="base.BaseTest" name="@AfterSuite tearDown" time="0.0">
    <ignored/>
  </testcase> <!-- @AfterSuite tearDown -->
</testsuite> <!-- Test -->
